<?xml version="1.0" encoding="UTF-8"?>
<testsuite name="com.example.Wanted.Market.API.service.ItemServiceTest" tests="1" skipped="0" failures="0" errors="0" timestamp="2024-08-03T08:51:22" hostname="isinbiui-MacBookPro.local" time="0.458">
  <properties/>
  <testcase name="itemPurchaseWithPoints()" classname="com.example.Wanted.Market.API.service.ItemServiceTest" time="0.458"/>
  <system-out><![CDATA[17:51:14.891 [Test worker] INFO org.springframework.test.context.support.AnnotationConfigContextLoaderUtils -- Could not detect default configuration classes for test class [com.example.Wanted.Market.API.service.ItemServiceTest]: ItemServiceTest does not declare any static, non-private, non-final, nested classes annotated with @Configuration.
17:51:15.054 [Test worker] INFO org.springframework.boot.test.context.SpringBootTestContextBootstrapper -- Found @SpringBootConfiguration com.example.Wanted.Market.API.WantedMarketApiApplication for test class com.example.Wanted.Market.API.service.ItemServiceTest

  .   ____          _            __ _ _
 /\\ / ___'_ __ _ _(_)_ __  __ _ \ \ \ \
( ( )\___ | '_ | '_| | '_ \/ _` | \ \ \ \
 \\/  ___)| |_)| | | | | || (_| |  ) ) ) )
  '  |____| .__|_| |_|_| |_\__, | / / / /
 =========|_|==============|___/=/_/_/_/
 :: Spring Boot ::                (v3.2.5)

2024-08-03T17:51:15.621+09:00  INFO 10048 --- [Wanted-Market-API] [    Test worker] c.e.W.M.API.service.ItemServiceTest      : Starting ItemServiceTest using Java 17.0.2 with PID 10048 (started by shinbi in /Users/shinbi/market)
2024-08-03T17:51:15.622+09:00 DEBUG 10048 --- [Wanted-Market-API] [    Test worker] c.e.W.M.API.service.ItemServiceTest      : Running with Spring Boot v3.2.5, Spring v6.1.6
2024-08-03T17:51:15.624+09:00  INFO 10048 --- [Wanted-Market-API] [    Test worker] c.e.W.M.API.service.ItemServiceTest      : The following 1 profile is active: "pay"
2024-08-03T17:51:16.757+09:00  INFO 10048 --- [Wanted-Market-API] [    Test worker] .s.d.r.c.RepositoryConfigurationDelegate : Bootstrapping Spring Data JPA repositories in DEFAULT mode.
2024-08-03T17:51:16.854+09:00  INFO 10048 --- [Wanted-Market-API] [    Test worker] .s.d.r.c.RepositoryConfigurationDelegate : Finished Spring Data repository scanning in 87 ms. Found 9 JPA repository interfaces.
2024-08-03T17:51:17.411+09:00  INFO 10048 --- [Wanted-Market-API] [    Test worker] o.hibernate.jpa.internal.util.LogHelper  : HHH000204: Processing PersistenceUnitInfo [name: default]
2024-08-03T17:51:17.486+09:00  INFO 10048 --- [Wanted-Market-API] [    Test worker] org.hibernate.Version                    : HHH000412: Hibernate ORM core version 6.4.4.Final
2024-08-03T17:51:17.528+09:00  INFO 10048 --- [Wanted-Market-API] [    Test worker] o.h.c.internal.RegionFactoryInitiator    : HHH000026: Second-level cache disabled
2024-08-03T17:51:17.834+09:00  INFO 10048 --- [Wanted-Market-API] [    Test worker] o.s.o.j.p.SpringPersistenceUnitInfo      : No LoadTimeWeaver setup: ignoring JPA class transformer
2024-08-03T17:51:17.870+09:00  INFO 10048 --- [Wanted-Market-API] [    Test worker] com.zaxxer.hikari.HikariDataSource       : HikariPool-1 - Starting...
2024-08-03T17:51:17.976+09:00  INFO 10048 --- [Wanted-Market-API] [    Test worker] com.zaxxer.hikari.pool.HikariPool        : HikariPool-1 - Added connection org.mariadb.jdbc.Connection@2bcb1414
2024-08-03T17:51:17.978+09:00  INFO 10048 --- [Wanted-Market-API] [    Test worker] com.zaxxer.hikari.HikariDataSource       : HikariPool-1 - Start completed.
2024-08-03T17:51:19.287+09:00  INFO 10048 --- [Wanted-Market-API] [    Test worker] o.h.e.t.j.p.i.JtaPlatformInitiator       : HHH000489: No JTA platform available (set 'hibernate.transaction.jta.platform' to enable JTA platform integration)
2024-08-03T17:51:19.362+09:00  INFO 10048 --- [Wanted-Market-API] [    Test worker] j.LocalContainerEntityManagerFactoryBean : Initialized JPA EntityManagerFactory for persistence unit 'default'
2024-08-03T17:51:19.998+09:00  WARN 10048 --- [Wanted-Market-API] [    Test worker] JpaBaseConfiguration$JpaWebConfiguration : spring.jpa.open-in-view is enabled by default. Therefore, database queries may be performed during view rendering. Explicitly configure spring.jpa.open-in-view to disable this warning
2024-08-03T17:51:20.020+09:00 TRACE 10048 --- [Wanted-Market-API] [    Test worker] eGlobalAuthenticationAutowiredConfigurer : Eagerly initializing {securityConfig=com.example.Wanted.Market.API.config.SecurityConfig$$SpringCGLIB$$0@129b0ed}
2024-08-03T17:51:20.022+09:00 DEBUG 10048 --- [Wanted-Market-API] [    Test worker] swordEncoderAuthenticationManagerBuilder : No authenticationProviders and no parentAuthenticationManager defined. Returning null.
2024-08-03T17:51:21.555+09:00  INFO 10048 --- [Wanted-Market-API] [    Test worker] o.s.s.web.DefaultSecurityFilterChain     : Will secure any request with [org.springframework.security.web.session.DisableEncodeUrlFilter@6cbb79c3, org.springframework.security.web.session.ForceEagerSessionCreationFilter@7bc46dde, org.springframework.security.web.context.request.async.WebAsyncManagerIntegrationFilter@409b1740, org.springframework.security.web.context.SecurityContextHolderFilter@324ee3ca, org.springframework.security.web.header.HeaderWriterFilter@7d3b4646, org.springframework.web.filter.CorsFilter@32dc895e, org.springframework.security.web.authentication.logout.LogoutFilter@6810465, org.springframework.security.web.authentication.UsernamePasswordAuthenticationFilter@2dacad1d, org.springframework.security.web.session.ConcurrentSessionFilter@1c61f9bf, org.springframework.security.web.savedrequest.RequestCacheAwareFilter@7b186fb8, org.springframework.security.web.servletapi.SecurityContextHolderAwareRequestFilter@5f7dbdfa, org.springframework.security.web.authentication.rememberme.RememberMeAuthenticationFilter@42af2977, org.springframework.security.web.authentication.AnonymousAuthenticationFilter@59e9ba7, org.springframework.security.web.session.SessionManagementFilter@21bf1b1f, org.springframework.security.web.access.ExceptionTranslationFilter@2d10160a, org.springframework.security.web.access.intercept.AuthorizationFilter@3f7b15bb]
2024-08-03T17:51:22.062+09:00  INFO 10048 --- [Wanted-Market-API] [    Test worker] o.s.b.t.m.w.SpringBootMockServletContext : Initializing Spring TestDispatcherServlet ''
2024-08-03T17:51:22.063+09:00  INFO 10048 --- [Wanted-Market-API] [    Test worker] o.s.t.web.servlet.TestDispatcherServlet  : Initializing Servlet ''
2024-08-03T17:51:22.065+09:00  INFO 10048 --- [Wanted-Market-API] [    Test worker] o.s.t.web.servlet.TestDispatcherServlet  : Completed initialization in 2 ms
2024-08-03T17:51:22.100+09:00  INFO 10048 --- [Wanted-Market-API] [    Test worker] c.e.W.M.API.service.ItemServiceTest      : Started ItemServiceTest in 6.862 seconds (process running for 8.282)
Hibernate: 
    select
        m1_0.id,
        m1_0.email,
        m1_0.password,
        m1_0.points,
        m1_0.role,
        m1_0.username 
    from
        member m1_0 
    where
        m1_0.email=?
Hibernate: 
    insert 
    into
        item
        (name, price, seller_id, status, stock_quantity) 
    values
        (?, ?, ?, ?, ?)
]]></system-out>
  <system-err><![CDATA[]]></system-err>
</testsuite>
