<?xml version="1.0" encoding="UTF-8"?>
<testsuite name="com.example.Wanted.Market.API.service.AlertNotificationServiceImplTest" tests="1" skipped="0" failures="0" errors="0" timestamp="2024-09-12T05:27:38" hostname="isinbiui-MacBookPro.local" time="0.092">
  <properties/>
  <testcase name="testSendNotification()" classname="com.example.Wanted.Market.API.service.AlertNotificationServiceImplTest" time="0.092"/>
  <system-out><![CDATA[14:27:27.851 [Test worker] INFO org.springframework.test.context.support.AnnotationConfigContextLoaderUtils -- Could not detect default configuration classes for test class [com.example.Wanted.Market.API.service.AlertNotificationServiceImplTest]: AlertNotificationServiceImplTest does not declare any static, non-private, non-final, nested classes annotated with @Configuration.
14:27:28.069 [Test worker] INFO org.springframework.boot.test.context.SpringBootTestContextBootstrapper -- Found @SpringBootConfiguration com.example.Wanted.Market.API.WantedMarketApiApplication for test class com.example.Wanted.Market.API.service.AlertNotificationServiceImplTest

  .   ____          _            __ _ _
 /\\ / ___'_ __ _ _(_)_ __  __ _ \ \ \ \
( ( )\___ | '_ | '_| | '_ \/ _` | \ \ \ \
 \\/  ___)| |_)| | | | | || (_| |  ) ) ) )
  '  |____| .__|_| |_|_| |_\__, | / / / /
 =========|_|==============|___/=/_/_/_/
 :: Spring Boot ::                (v3.2.5)

2024-09-12T14:27:28.876+09:00  INFO 26613 --- [Wanted-Market-API] [    Test worker] W.M.A.s.AlertNotificationServiceImplTest : Starting AlertNotificationServiceImplTest using Java 17.0.2 with PID 26613 (started by shinbi in /Users/shinbi/market)
2024-09-12T14:27:28.877+09:00 DEBUG 26613 --- [Wanted-Market-API] [    Test worker] W.M.A.s.AlertNotificationServiceImplTest : Running with Spring Boot v3.2.5, Spring v6.1.6
2024-09-12T14:27:28.884+09:00  INFO 26613 --- [Wanted-Market-API] [    Test worker] W.M.A.s.AlertNotificationServiceImplTest : The following 3 profiles are active: "pay", "login", "email"
2024-09-12T14:27:30.401+09:00  INFO 26613 --- [Wanted-Market-API] [    Test worker] .s.d.r.c.RepositoryConfigurationDelegate : Bootstrapping Spring Data JPA repositories in DEFAULT mode.
2024-09-12T14:27:30.518+09:00  INFO 26613 --- [Wanted-Market-API] [    Test worker] .s.d.r.c.RepositoryConfigurationDelegate : Finished Spring Data repository scanning in 106 ms. Found 9 JPA repository interfaces.
2024-09-12T14:27:31.108+09:00  INFO 26613 --- [Wanted-Market-API] [    Test worker] com.zaxxer.hikari.HikariDataSource       : HikariPool-1 - Starting...
2024-09-12T14:27:31.239+09:00  INFO 26613 --- [Wanted-Market-API] [    Test worker] com.zaxxer.hikari.pool.HikariPool        : HikariPool-1 - Added connection org.mariadb.jdbc.Connection@57e03347
2024-09-12T14:27:31.242+09:00  INFO 26613 --- [Wanted-Market-API] [    Test worker] com.zaxxer.hikari.HikariDataSource       : HikariPool-1 - Start completed.
2024-09-12T14:27:32.009+09:00  INFO 26613 --- [Wanted-Market-API] [    Test worker] o.s.o.j.p.SpringPersistenceUnitInfo      : No LoadTimeWeaver setup: ignoring JPA class transformer
Hibernate: 
    alter table if exists address 
       drop 
       foreign key if exists FKcnw0s8hudme00qu71e3mqd5ih
Hibernate: 
    alter table if exists category_item 
       drop 
       foreign key if exists FKcq2n0opf5shyh84ex1fhukcbh
Hibernate: 
    alter table if exists category_item 
       drop 
       foreign key if exists FKu8b4lwqutcdq3363gf6mlujq
Hibernate: 
    alter table if exists item 
       drop 
       foreign key if exists FK23a179c6p59h42w62pdkmno30
Hibernate: 
    alter table if exists order_items 
       drop 
       foreign key if exists FKpttit550s4ekrghi11o2q6dqx
Hibernate: 
    alter table if exists order_items 
       drop 
       foreign key if exists FKbioxgbv59vetrxe0ejfubep1w
Hibernate: 
    alter table if exists orders 
       drop 
       foreign key if exists FKd8ruqpq5q4ixexe61kxnxuw21
Hibernate: 
    alter table if exists payments 
       drop 
       foreign key if exists FK81gagumt0r8y3rmudcgpbk42l
Hibernate: 
    alter table if exists product 
       drop 
       foreign key if exists FKf7emgq8w5nqoig4by6bfoxjql
Hibernate: 
    alter table if exists product 
       drop 
       foreign key if exists FKst7aio5mimhta5xmvnfcfwc70
Hibernate: 
    alter table if exists transaction 
       drop 
       foreign key if exists FKng7n2d3nky5ydq1wxbnelx98v
Hibernate: 
    alter table if exists transaction 
       drop 
       foreign key if exists FK1bkeyn2xhcnk7jnxpj1xvjd5m
Hibernate: 
    alter table if exists transaction 
       drop 
       foreign key if exists FKo5vqny53xxg295sk60fiucoi7
Hibernate: 
    drop table if exists address
Hibernate: 
    drop table if exists category
Hibernate: 
    drop table if exists category_item
Hibernate: 
    drop table if exists item
Hibernate: 
    drop table if exists member
Hibernate: 
    drop table if exists order_items
Hibernate: 
    drop table if exists orders
Hibernate: 
    drop table if exists payments
Hibernate: 
    drop table if exists product
Hibernate: 
    drop table if exists transaction
Hibernate: 
    create table address (
        address_id bigint not null auto_increment,
        member_id bigint,
        city varchar(255),
        state varchar(255),
        street varchar(255),
        zip_code varchar(255),
        primary key (address_id)
    ) engine=InnoDB
Hibernate: 
    create table category (
        category_id bigint not null auto_increment,
        name varchar(255),
        primary key (category_id)
    ) engine=InnoDB
Hibernate: 
    create table category_item (
        category_id bigint,
        id bigint not null auto_increment,
        item_id bigint,
        primary key (id)
    ) engine=InnoDB
Hibernate: 
    create table item (
        price integer not null,
        stock_quantity integer not null,
        created_at datetime(6),
        deleted_at datetime(6),
        item_id bigint not null auto_increment,
        seller_id bigint,
        updated_at datetime(6),
        description varchar(255),
        name varchar(255),
        status enum ('AVAILABLE','COMPLETED','RESERVED'),
        primary key (item_id)
    ) engine=InnoDB
Hibernate: 
    create table member (
        is_del bit not null,
        is_social bit not null,
        points float(53) not null,
        id bigint not null auto_increment,
        access_token varchar(255),
        email varchar(255),
        nickname varchar(255),
        password varchar(255),
        phone_number varchar(255),
        refresh_token varchar(255),
        social_id varchar(255),
        username varchar(255),
        role enum ('GUEST','USER','ADMIN'),
        social_type enum ('KAKAO','NAVER'),
        primary key (id)
    ) engine=InnoDB
Hibernate: 
    create table order_items (
        count integer not null,
        order_price integer not null,
        item_id bigint,
        order_id bigint,
        order_item_id bigint not null auto_increment,
        primary key (order_item_id)
    ) engine=InnoDB
Hibernate: 
    create table orders (
        buyer_id bigint,
        order_date datetime(6),
        order_id bigint not null auto_increment,
        status enum ('ORDERED','IN_PROGRESS','DELIVERED','CANCELED'),
        primary key (order_id)
    ) engine=InnoDB
Hibernate: 
    create table payments (
        amount float(53),
        created_at datetime(6),
        order_id bigint not null,
        payment_date datetime(6),
        payment_id bigint not null auto_increment,
        updated_at datetime(6),
        payment_method varchar(255),
        payment_status varchar(255),
        transaction_id varchar(255),
        primary key (payment_id)
    ) engine=InnoDB
Hibernate: 
    create table product (
        price float(53) not null,
        buyer_id bigint,
        id bigint not null auto_increment,
        seller_id bigint,
        name varchar(255),
        status enum ('AVAILABLE','COMPLETED','RESERVED'),
        primary key (id)
    ) engine=InnoDB
Hibernate: 
    create table transaction (
        buyer_id bigint,
        id bigint not null auto_increment,
        product_id bigint,
        seller_id bigint,
        status varchar(255),
        primary key (id)
    ) engine=InnoDB
Hibernate: 
    alter table if exists member 
       add constraint UK_mbmcqelty0fbrvxp1q58dn57t unique (email)
Hibernate: 
    alter table if exists address 
       add constraint FKcnw0s8hudme00qu71e3mqd5ih 
       foreign key (member_id) 
       references member (id)
Hibernate: 
    alter table if exists category_item 
       add constraint FKcq2n0opf5shyh84ex1fhukcbh 
       foreign key (category_id) 
       references category (category_id)
Hibernate: 
    alter table if exists category_item 
       add constraint FKu8b4lwqutcdq3363gf6mlujq 
       foreign key (item_id) 
       references item (item_id)
Hibernate: 
    alter table if exists item 
       add constraint FK23a179c6p59h42w62pdkmno30 
       foreign key (seller_id) 
       references member (id)
Hibernate: 
    alter table if exists order_items 
       add constraint FKpttit550s4ekrghi11o2q6dqx 
       foreign key (item_id) 
       references item (item_id)
Hibernate: 
    alter table if exists order_items 
       add constraint FKbioxgbv59vetrxe0ejfubep1w 
       foreign key (order_id) 
       references orders (order_id)
Hibernate: 
    alter table if exists orders 
       add constraint FKd8ruqpq5q4ixexe61kxnxuw21 
       foreign key (buyer_id) 
       references member (id)
Hibernate: 
    alter table if exists payments 
       add constraint FK81gagumt0r8y3rmudcgpbk42l 
       foreign key (order_id) 
       references orders (order_id)
Hibernate: 
    alter table if exists product 
       add constraint FKf7emgq8w5nqoig4by6bfoxjql 
       foreign key (buyer_id) 
       references member (id)
Hibernate: 
    alter table if exists product 
       add constraint FKst7aio5mimhta5xmvnfcfwc70 
       foreign key (seller_id) 
       references member (id)
Hibernate: 
    alter table if exists transaction 
       add constraint FKng7n2d3nky5ydq1wxbnelx98v 
       foreign key (buyer_id) 
       references member (id)
Hibernate: 
    alter table if exists transaction 
       add constraint FK1bkeyn2xhcnk7jnxpj1xvjd5m 
       foreign key (product_id) 
       references product (id)
Hibernate: 
    alter table if exists transaction 
       add constraint FKo5vqny53xxg295sk60fiucoi7 
       foreign key (seller_id) 
       references member (id)
2024-09-12T14:27:34.049+09:00  INFO 26613 --- [Wanted-Market-API] [    Test worker] j.LocalContainerEntityManagerFactoryBean : Initialized JPA EntityManagerFactory for persistence unit 'default'
2024-09-12T14:27:35.124+09:00  WARN 26613 --- [Wanted-Market-API] [    Test worker] JpaBaseConfiguration$JpaWebConfiguration : spring.jpa.open-in-view is enabled by default. Therefore, database queries may be performed during view rendering. Explicitly configure spring.jpa.open-in-view to disable this warning
2024-09-12T14:27:37.255+09:00  INFO 26613 --- [Wanted-Market-API] [    Test worker] o.s.s.web.DefaultSecurityFilterChain     : Will secure any request with [org.springframework.security.web.session.DisableEncodeUrlFilter@3d3e9163, org.springframework.security.web.session.ForceEagerSessionCreationFilter@66464f27, org.springframework.security.web.context.request.async.WebAsyncManagerIntegrationFilter@75392381, org.springframework.security.web.context.SecurityContextHolderFilter@7937f96e, org.springframework.security.web.header.HeaderWriterFilter@73e0c775, org.springframework.web.filter.CorsFilter@13198b8e, org.springframework.security.web.csrf.CsrfFilter@4676fcd9, com.example.Wanted.Market.API.filter.JwtAuthenticationProcessingFilter@4ec78008, org.springframework.security.web.authentication.logout.LogoutFilter@41030c21, com.example.Wanted.Market.API.filter.CustomJsonUsernamePasswordAuthenticationFilter@283240b0, org.springframework.security.oauth2.client.web.OAuth2AuthorizationRequestRedirectFilter@22a89db, org.springframework.security.oauth2.client.web.OAuth2LoginAuthenticationFilter@381ed137, org.springframework.security.web.authentication.UsernamePasswordAuthenticationFilter@6eacf3be, org.springframework.security.web.session.ConcurrentSessionFilter@2ff4d61b, org.springframework.security.web.savedrequest.RequestCacheAwareFilter@ece769a, org.springframework.security.web.servletapi.SecurityContextHolderAwareRequestFilter@7baf7a9d, org.springframework.security.web.authentication.rememberme.RememberMeAuthenticationFilter@6b8f1c62, org.springframework.security.web.authentication.AnonymousAuthenticationFilter@5ae5a507, org.springframework.security.web.session.SessionManagementFilter@70eced1f, org.springframework.security.web.access.ExceptionTranslationFilter@5680f009, org.springframework.security.web.access.intercept.AuthorizationFilter@7e3b101b]
2024-09-12T14:27:37.894+09:00  INFO 26613 --- [Wanted-Market-API] [    Test worker] W.M.A.s.AlertNotificationServiceImplTest : Started AlertNotificationServiceImplTest in 9.523 seconds (process running for 11.244)
Email sent using naver to: test@example.com
]]></system-out>
  <system-err><![CDATA[]]></system-err>
</testsuite>
